-------------------------------------------------------------------------------
Test set: parabank.features.TestOpenAccount
-------------------------------------------------------------------------------
Tests run: 1, Failures: 0, Errors: 1, Skipped: 0, Time elapsed: 0 s <<< FAILURE! - in parabank.features.TestOpenAccount
parabank.features.TestOpenAccount.initializationError  Time elapsed: 0 s  <<< ERROR!
java.lang.NoClassDefFoundError: Could not initialize class net.thucydides.core.webdriver.SupportedWebDriver
	at net.thucydides.core.configuration.WebDriverConfiguration.lookupSupportedDriverTypeFor(WebDriverConfiguration.java:49)
	at net.thucydides.core.configuration.WebDriverConfiguration.getDriverType(WebDriverConfiguration.java:33)
	at net.thucydides.core.webdriver.SerenityWebdriverManager.getDefaultDriverType(SerenityWebdriverManager.java:187)
	at net.thucydides.core.webdriver.SerenityWebdriverManager.getWebdriver(SerenityWebdriverManager.java:122)
	at net.thucydides.core.webdriver.ThucydidesWebDriverSupport.getDriver(ThucydidesWebDriverSupport.java:146)
	at net.thucydides.core.webdriver.ThucydidesWebDriverSupport.initialize(ThucydidesWebDriverSupport.java:53)
	at net.thucydides.core.webdriver.ThucydidesWebDriverSupport.getWebdriverManager(ThucydidesWebDriverSupport.java:188)
	at net.serenitybdd.junit.runners.SerenityRunner.<init>(SerenityRunner.java:144)
	at net.serenitybdd.junit.runners.QualifiedTestsRunner.<init>(QualifiedTestsRunner.java:75)
	at net.serenitybdd.junit.runners.TestClassRunnerForInstanciatedTestCase.<init>(TestClassRunnerForInstanciatedTestCase.java:27)
	at net.serenitybdd.junit.runners.SerenityParameterizedRunner.buildTestRunnersFromADataSourceUsing(SerenityParameterizedRunner.java:153)
	at net.serenitybdd.junit.runners.SerenityParameterizedRunner.<init>(SerenityParameterizedRunner.java:71)
	at net.serenitybdd.junit.runners.SerenityParameterizedRunner.<init>(SerenityParameterizedRunner.java:205)
	at java.base/jdk.internal.reflect.NativeConstructorAccessorImpl.newInstance0(Native Method)
	at java.base/jdk.internal.reflect.NativeConstructorAccessorImpl.newInstance(NativeConstructorAccessorImpl.java:77)
	at java.base/jdk.internal.reflect.DelegatingConstructorAccessorImpl.newInstance(DelegatingConstructorAccessorImpl.java:45)
	at java.base/java.lang.reflect.Constructor.newInstanceWithCaller(Constructor.java:500)
	at java.base/java.lang.reflect.Constructor.newInstance(Constructor.java:481)
	at org.junit.internal.builders.AnnotatedBuilder.buildRunner(AnnotatedBuilder.java:104)
	at org.junit.internal.builders.AnnotatedBuilder.runnerForClass(AnnotatedBuilder.java:86)
	at org.junit.runners.model.RunnerBuilder.safeRunnerForClass(RunnerBuilder.java:70)
	at org.junit.internal.builders.AllDefaultPossibilitiesBuilder.runnerForClass(AllDefaultPossibilitiesBuilder.java:37)
	at org.junit.runners.model.RunnerBuilder.safeRunnerForClass(RunnerBuilder.java:70)
	at org.junit.internal.requests.ClassRequest.createRunner(ClassRequest.java:28)
	at org.junit.internal.requests.MemoizingRequest.getRunner(MemoizingRequest.java:19)
	at org.apache.maven.surefire.junit4.JUnit4Provider.execute(JUnit4Provider.java:374)
	at org.apache.maven.surefire.junit4.JUnit4Provider.executeWithRerun(JUnit4Provider.java:284)
	at org.apache.maven.surefire.junit4.JUnit4Provider.executeTestSet(JUnit4Provider.java:248)
	at org.apache.maven.surefire.junit4.JUnit4Provider.invoke(JUnit4Provider.java:167)
	at org.apache.maven.surefire.booter.ForkedBooter.runSuitesInProcess(ForkedBooter.java:456)
	at org.apache.maven.surefire.booter.ForkedBooter.execute(ForkedBooter.java:169)
	at org.apache.maven.surefire.booter.ForkedBooter.run(ForkedBooter.java:595)
	at org.apache.maven.surefire.booter.ForkedBooter.main(ForkedBooter.java:581)
Caused by: java.lang.ExceptionInInitializerError: Exception java.lang.NoClassDefFoundError: org/openqa/selenium/HasDownloads [in thread "main"]
	at java.base/java.lang.ClassLoader.defineClass1(Native Method)
	at java.base/java.lang.ClassLoader.defineClass(ClassLoader.java:1017)
	at java.base/java.security.SecureClassLoader.defineClass(SecureClassLoader.java:150)
	at java.base/jdk.internal.loader.BuiltinClassLoader.defineClass(BuiltinClassLoader.java:862)
	at java.base/jdk.internal.loader.BuiltinClassLoader.findClassOnClassPathOrNull(BuiltinClassLoader.java:760)
	at java.base/jdk.internal.loader.BuiltinClassLoader.loadClassOrNull(BuiltinClassLoader.java:681)
	at java.base/jdk.internal.loader.BuiltinClassLoader.loadClass(BuiltinClassLoader.java:639)
	at java.base/jdk.internal.loader.ClassLoaders$AppClassLoader.loadClass(ClassLoaders.java:188)
	at java.base/java.lang.ClassLoader.loadClass(ClassLoader.java:525)
	at java.base/java.lang.ClassLoader.defineClass1(Native Method)
	at java.base/java.lang.ClassLoader.defineClass(ClassLoader.java:1017)
	at java.base/java.security.SecureClassLoader.defineClass(SecureClassLoader.java:150)
	at java.base/jdk.internal.loader.BuiltinClassLoader.defineClass(BuiltinClassLoader.java:862)
	at java.base/jdk.internal.loader.BuiltinClassLoader.findClassOnClassPathOrNull(BuiltinClassLoader.java:760)
	at java.base/jdk.internal.loader.BuiltinClassLoader.loadClassOrNull(BuiltinClassLoader.java:681)
	at java.base/jdk.internal.loader.BuiltinClassLoader.loadClass(BuiltinClassLoader.java:639)
	at java.base/jdk.internal.loader.ClassLoaders$AppClassLoader.loadClass(ClassLoaders.java:188)
	at java.base/java.lang.ClassLoader.loadClass(ClassLoader.java:525)
	at net.thucydides.core.webdriver.SupportedWebDriver.<clinit>(SupportedWebDriver.java:30)
	... 33 more

